CD Usuario: 1
Empresas: Array
(
)

Interfaces: Array
(
)

CD Usuario: 1
Empresas: Array
(
)

Interfaces: Array
(
)

CD Usuario: 1
Empresas: Array
(
)

Interfaces: Array
(
)

CD Usuario: 1
Empresas: Array
(
)

Interfaces: Array
(
)


=== NOVO USUARIO ===
Banco atual antes de reconectar: bd_agape_israel
Banco após reconectar: bd_propasso
Buscando empresas...
Empresas encontradas: 2
Buscando interfaces...
Interfaces encontradas: 0
CD Usuario: 5
Empresas: Array
(
    [0] => Array
        (
            [cd_empresa] => 2
            [nome_empresa] => Agape
            [ds_host] => 168.138.144.4
            [ds_banco] => bd_agape_israel
            [ds_usuario] => admin
            [ds_porta] => 5432
            [fg_ativo] => S
        )

    [1] => Array
        (
            [cd_empresa] => 1
            [nome_empresa] => Empresa Padrão
            [ds_host] => localhost
            [ds_banco] => sysapp
            [ds_usuario] => postgres
            [ds_porta] => 5432
            [fg_ativo] => S
        )

)

Interfaces: Array
(
)


=== NOVO USUARIO ===
Banco atual antes de reconectar: bd_agape_israel
Banco após reconectar: bd_propasso
Buscando empresas...
Empresas encontradas: 2
Buscando interfaces...
Interfaces encontradas: 0
CD Usuario: 5
Empresas: Array
(
    [0] => Array
        (
            [cd_empresa] => 2
            [nome_empresa] => Agape
            [ds_host] => 168.138.144.4
            [ds_banco] => bd_agape_israel
            [ds_usuario] => admin
            [ds_porta] => 5432
            [fg_ativo] => S
        )

    [1] => Array
        (
            [cd_empresa] => 1
            [nome_empresa] => Empresa Padrão
            [ds_host] => localhost
            [ds_banco] => sysapp
            [ds_usuario] => postgres
            [ds_porta] => 5432
            [fg_ativo] => S
        )

)

Interfaces: Array
(
)


=== NOVO USUARIO ===
Banco atual antes de reconectar: bd_agape_israel
Banco após reconectar: bd_propasso
Buscando empresas...
Empresas encontradas: 2
Buscando interfaces...
Interfaces encontradas: 0
CD Usuario: 5
Empresas: Array
(
    [0] => Array
        (
            [cd_empresa] => 2
            [nome_empresa] => Agape
            [ds_host] => 168.138.144.4
            [ds_banco] => bd_agape_israel
            [ds_usuario] => admin
            [ds_porta] => 5432
            [fg_ativo] => S
        )

    [1] => Array
        (
            [cd_empresa] => 1
            [nome_empresa] => Empresa Padrão
            [ds_host] => localhost
            [ds_banco] => sysapp
            [ds_usuario] => postgres
            [ds_porta] => 5432
            [fg_ativo] => S
        )

)

Interfaces: Array
(
)


=== NOVO USUARIO ===
Banco atual antes de reconectar: bd_agape_israel
Banco após reconectar: bd_propasso
Buscando empresas...
Empresas encontradas: 2
Buscando interfaces...
Interfaces encontradas: 0
CD Usuario: 5
Empresas: Array
(
    [0] => Array
        (
            [cd_empresa] => 2
            [nome_empresa] => Agape
            [ds_host] => 168.138.144.4
            [ds_banco] => bd_agape_israel
            [ds_usuario] => admin
            [ds_porta] => 5432
            [fg_ativo] => S
        )

    [1] => Array
        (
            [cd_empresa] => 1
            [nome_empresa] => Empresa Padrão
            [ds_host] => localhost
            [ds_banco] => sysapp
            [ds_usuario] => postgres
            [ds_porta] => 5432
            [fg_ativo] => S
        )

)

Interfaces: Array
(
)


=== NOVO USUARIO ===
Banco atual antes de reconectar: bd_agape_israel
Banco após reconectar: bd_propasso
Buscando empresas...
Empresas encontradas: 2
Buscando interfaces...
Interfaces encontradas: 5
CD Usuario: 5
Empresas: Array
(
    [0] => Array
        (
            [cd_empresa] => 2
            [nome_empresa] => Agape
            [ds_host] => 168.138.144.4
            [ds_banco] => bd_agape_israel
            [ds_usuario] => admin
            [ds_porta] => 5432
            [fg_ativo] => S
        )

    [1] => Array
        (
            [cd_empresa] => 1
            [nome_empresa] => Empresa Padrão
            [ds_host] => localhost
            [ds_banco] => sysapp
            [ds_usuario] => postgres
            [ds_porta] => 5432
            [fg_ativo] => S
        )

)

Interfaces: Array
(
    [0] => Array
        (
            [cd_interface] => 1
            [nome_interface] => Dashboard
        )

    [1] => Array
        (
            [cd_interface] => 2
            [nome_interface] => Clientes
        )

    [2] => Array
        (
            [cd_interface] => 3
            [nome_interface] => Questionários
        )

    [3] => Array
        (
            [cd_interface] => 4
            [nome_interface] => Usuários
        )

    [4] => Array
        (
            [cd_interface] => 5
            [nome_interface] => Relatórios
        )

)


=== NOVO USUARIO ===
Banco atual antes de reconectar: bd_agape_israel
Banco após reconectar: bd_propasso

=== ALTERAR USUARIO ===
Banco atual antes de reconectar: bd_propasso
Banco após reconectar: bd_propasso

=== ALTERAR USUARIO ===
Banco atual antes de reconectar: bd_propasso
Banco após reconectar: bd_propasso

=== NOVO USUARIO ===
Banco atual antes de reconectar: bd_diaazze
Banco após reconectar: bd_propasso
Buscando empresas...
Empresas encontradas: 3
Buscando interfaces...
Interfaces encontradas: 5
CD Usuario: 6
Empresas: Array
(
    [0] => Array
        (
            [cd_empresa] => 2
            [nome_empresa] => Agape
            [ds_host] => 168.138.144.4
            [ds_banco] => bd_agape_israel
            [ds_usuario] => admin
            [ds_porta] => 5432
            [fg_ativo] => S
        )

    [1] => Array
        (
            [cd_empresa] => 3
            [nome_empresa] => Diaazze
            [ds_host] => systecsistemas.ftp.sh
            [ds_banco] => bd_diaazze
            [ds_usuario] => diaazze@sys.io
            [ds_porta] => 5432
            [fg_ativo] => S
        )

    [2] => Array
        (
            [cd_empresa] => 1
            [nome_empresa] => Empresa Padrão
            [ds_host] => localhost
            [ds_banco] => sysapp
            [ds_usuario] => postgres
            [ds_porta] => 5432
            [fg_ativo] => S
        )

)

Interfaces: Array
(
    [0] => Array
        (
            [cd_interface] => 1
            [nome_interface] => Dashboard
        )

    [1] => Array
        (
            [cd_interface] => 2
            [nome_interface] => Clientes
        )

    [2] => Array
        (
            [cd_interface] => 3
            [nome_interface] => Questionários
        )

    [3] => Array
        (
            [cd_interface] => 4
            [nome_interface] => Usuários
        )

    [4] => Array
        (
            [cd_interface] => 5
            [nome_interface] => Relatórios
        )

)


=== NOVO USUARIO ===
Banco atual antes de reconectar: bd_diaazze
Banco após reconectar: bd_propasso

=== ALTERAR USUARIO ===
Banco atual antes de reconectar: bd_propasso
Banco após reconectar: bd_propasso

=== ALTERAR USUARIO ===
Banco atual antes de reconectar: bd_propasso
Banco após reconectar: bd_propasso

=== NOVO USUARIO ===
Banco atual antes de reconectar: bd_driil
Banco após reconectar: bd_propasso
Buscando empresas...
Empresas encontradas: 4
Buscando interfaces...
Interfaces encontradas: 5
CD Usuario: 7
Empresas: Array
(
    [0] => Array
        (
            [cd_empresa] => 2
            [nome_empresa] => Agape
            [ds_host] => 168.138.144.4
            [ds_banco] => bd_agape_israel
            [ds_usuario] => admin
            [ds_porta] => 5432
            [fg_ativo] => S
        )

    [1] => Array
        (
            [cd_empresa] => 3
            [nome_empresa] => Diaazze
            [ds_host] => systecsistemas.ftp.sh
            [ds_banco] => bd_diaazze
            [ds_usuario] => diaazze@sys.io
            [ds_porta] => 5432
            [fg_ativo] => S
        )

    [2] => Array
        (
            [cd_empresa] => 4
            [nome_empresa] => Drill
            [ds_host] => banco.theplace.systec.ftp.sh
            [ds_banco] => bd_driil
            [ds_usuario] => admin
            [ds_porta] => 5432
            [fg_ativo] => S
        )

    [3] => Array
        (
            [cd_empresa] => 1
            [nome_empresa] => Empresa Padrão
            [ds_host] => localhost
            [ds_banco] => sysapp
            [ds_usuario] => postgres
            [ds_porta] => 5432
            [fg_ativo] => S
        )

)

Interfaces: Array
(
    [0] => Array
        (
            [cd_interface] => 1
            [nome_interface] => Dashboard
        )

    [1] => Array
        (
            [cd_interface] => 2
            [nome_interface] => Clientes
        )

    [2] => Array
        (
            [cd_interface] => 3
            [nome_interface] => Questionários
        )

    [3] => Array
        (
            [cd_interface] => 4
            [nome_interface] => Usuários
        )

    [4] => Array
        (
            [cd_interface] => 5
            [nome_interface] => Relatórios
        )

)


=== NOVO USUARIO ===
Banco atual antes de reconectar: bd_driil
Banco após reconectar: bd_propasso
